//
//AVRASM ver. 2.2.0  fn10.asm Sat Oct 20 05:53:26 2018
//
                // 
                // 
                // ; test for mov/movw/ldi/lds/sts
                // ;-------------------------------
@000000 ef0f    //     ldi  r16,0xff
@000001 e180    //     ldi  r24,0x10
@000002 2e70    //     mov  r7 ,r16
@000003 2e88    //     mov  r8 ,r24
@000004 e200    //     ldi  r16,0x20
@000005 e380    //     ldi  r24,0x30
                // 
@000006 9270
@000007 0100    //     sts  0x0100,r7
@000008 9280
@000009 0101    //     sts  0x0101,r8
@00000a 9300
@00000b 0102    //     sts  0x0102,r16
@00000c 9380
@00000d 0103    //     sts  0x0103,r24
                // 
@00000e 9060
@00000f 0100    //     lds  r6 ,0x0100
@000010 9090
@000011 0101    //     lds  r9 ,0x0101
@000012 9110
@000013 0102    //     lds  r17,0x0102
@000014 9190
@000015 0103    //     lds  r25,0x0103
                // 
@000016 946a    //     dec  r6
@000017 9493    //     inc  r9
@000018 9513    //     inc  r17
@000019 9593    //     inc  r25
                // ;-------------------
@00001a 2da6    //     mov  r26,r6
@00001b 2d29    //     mov  r18,r9
@00001c 2ea1    //     mov  r10,r17
@00001d 2e59    //     mov  r5 ,r25
                // 
@00001e 95aa    //     dec  r26
@00001f 9523    //     inc  r18
@000020 94a3    //     inc  r10
@000021 9453    //     inc  r5
                // 
@000022 2e4a    //     mov  r4 ,r26
@000023 2eb2    //     mov  r11,r18
@000024 2d3a    //     mov  r19,r10
@000025 2db5    //     mov  r27,r5
                // 
@000026 944a    //     dec  r4
@000027 94b3    //     inc  r11
@000028 9533    //     inc  r19
@000029 95b3    //     inc  r27
                // ;-------------------
@00002a 01f2    //     movw r30,r4
@00002b 01e3    //     movw r28,r6
@00002c 01b4    //     movw r22,r8
@00002d 01a5    //     movw r20,r10
@00002e 0178    //     movw r14,r16
@00002f 0169    //     movw r12,r18
@000030 011c    //     movw r2 ,r24
@000031 010d    //     movw r0 ,r26
                // ;-------------------
@000032 9200
@000033 0110    //     sts  0x0110,r0
@000034 9210
@000035 0111    //     sts  0x0111,r1
@000036 9220
@000037 0112    //     sts  0x0112,r2
@000038 9230
@000039 0113    //     sts  0x0113,r3
@00003a 9240
@00003b 0114    //     sts  0x0114,r4
@00003c 9250
@00003d 0115    //     sts  0x0115,r5
@00003e 9260
@00003f 0116    //     sts  0x0116,r6
@000040 9270
@000041 0117    //     sts  0x0117,r7
@000042 9280
@000043 0118    //     sts  0x0118,r8
@000044 9290
@000045 0119    //     sts  0x0119,r9
@000046 92a0
@000047 011a    //     sts  0x011a,r10
@000048 92b0
@000049 011b    //     sts  0x011b,r11
@00004a 92c0
@00004b 011c    //     sts  0x011c,r12
@00004c 92d0
@00004d 011d    //     sts  0x011d,r13
@00004e 92e0
@00004f 011e    //     sts  0x011e,r14
@000050 92f0
@000051 011f    //     sts  0x011f,r15
@000052 9300
@000053 0120    //     sts  0x0120,r16
@000054 9310
@000055 0121    //     sts  0x0121,r17
@000056 9320
@000057 0122    //     sts  0x0122,r18
@000058 9330
@000059 0123    //     sts  0x0123,r19
@00005a 9340
@00005b 0124    //     sts  0x0124,r20
@00005c 9350
@00005d 0125    //     sts  0x0125,r21
@00005e 9360
@00005f 0126    //     sts  0x0126,r22
@000060 9370
@000061 0127    //     sts  0x0127,r23
@000062 9380
@000063 0128    //     sts  0x0128,r24
@000064 9390
@000065 0129    //     sts  0x0129,r25
@000066 93a0
@000067 012a    //     sts  0x012a,r26
@000068 93b0
@000069 012b    //     sts  0x012b,r27
@00006a 93c0
@00006b 012c    //     sts  0x012c,r28
@00006c 93d0
@00006d 012d    //     sts  0x012d,r29
@00006e 93e0
@00006f 012e    //     sts  0x012e,r30
@000070 93f0
@000071 012f    //     sts  0x012f,r31
                // ;-------------------
@000072 ef0f    //     ldi  r16,0xff
@000073 9300
@000074 ffff    //     sts  0xffff,r16
                // halt:
@000075 cfff    //     rjmp halt
//
//Assembly complete, 0 errors, 0 warnings
