//
//AVRASM ver. 2.2.0  fn20.asm Sat Oct 20 05:53:26 2018
//
                // 
                // 
                // ; test for add/adc/sub/sbc
                // ;---------------------------
@000000 eb00    //     ldi  r16,0xb0
@000001 ea80    //     ldi  r24,0xa0
@000002 2e70    //     mov  r7 ,r16
@000003 2e88    //     mov  r8 ,r24
@000004 e900    //     ldi  r16,0x90
@000005 e880    //     ldi  r24,0x80
                // 
@000006 e410    //     ldi  r17,0x40
@000007 e590    //     ldi  r25,0x50
@000008 2e61    //     mov  r6 ,r17
@000009 2e99    //     mov  r9 ,r25
@00000a e610    //     ldi  r17,0x60
@00000b e790    //     ldi  r25,0x70
                // ;-------------------
@00000c 2c57    //     mov  r5 ,r7
@00000d 2ca8    //     mov  r10,r8
@00000e 2f20    //     mov  r18,r16
@00000f 2fa8    //     mov  r26,r24
                // 
@000010 0e59    //     add  r5 ,r25
@000011 1ea1    //     adc  r10,r17
@000012 1d29    //     adc  r18,r9
@000013 1da6    //     adc  r26,r6
                // 
@000014 2c47    //     mov  r4 ,r7
@000015 2cb8    //     mov  r11,r8
@000016 2f30    //     mov  r19,r16
@000017 2fb8    //     mov  r27,r24
                // 
@000018 1e49    //     adc  r4 ,r25
@000019 0eb1    //     add  r11,r17
@00001a 0d39    //     add  r19,r9
@00001b 0db6    //     add  r27,r6
                // ;-------------------
@00001c e340    //     ldi  r20,0x30
@00001d e1c0    //     ldi  r28,0x10
@00001e 2e34    //     mov  r3 ,r20
@00001f 2ecc    //     mov  r12,r28
@000020 ef40    //     ldi  r20,0xf0
@000021 edc0    //     ldi  r28,0xd0
                // ;-------------------
@000022 2c13    //     mov  r1 ,r3
@000023 2cec    //     mov  r14,r12
@000024 2f64    //     mov  r22,r20
@000025 2fec    //     mov  r30,r28
                // 
@000026 1a19    //     sub  r1 ,r25
@000027 0ae1    //     sbc  r14,r17
@000028 0969    //     sbc  r22,r9
@000029 09e6    //     sbc  r30,r6
                // 
@00002a 2c03    //     mov  r0 ,r3
@00002b 2cfc    //     mov  r15,r12
@00002c 2f74    //     mov  r23,r20
@00002d 2ffc    //     mov  r31,r28
                // 
@00002e 0a09    //     sbc  r0 ,r25
@00002f 1af1    //     sub  r15,r17
@000030 1979    //     sub  r23,r9
@000031 19f6    //     sub  r31,r6
                // ;-------------------
@000032 2e29    //     mov  r2 ,r25
@000033 2ed1    //     mov  r13,r17
@000034 2d59    //     mov  r21,r9
@000035 2dd6    //     mov  r29,r6
                // 
@000036 2c62    //     mov  r6 ,r2
@000037 2c9d    //     mov  r9 ,r13
@000038 2f15    //     mov  r17,r21
@000039 2f9d    //     mov  r25,r29
                // ;-------------------
@00003a 9270
@00003b 0100    //     sts  0x0100,r7      ; (ldi) 0xb0
@00003c 9260
@00003d 0101    //     sts  0x0101,r6      ; (ldi) 0x70
@00003e 9250
@00003f 0102    //     sts  0x0102,r5      ; (add) 0xb0 0x70 (cf=0)
@000040 9240
@000041 0103    //     sts  0x0103,r4      ; (adc) 0xb0 0x70 (cf=0)
                // 
@000042 9230
@000043 0104    //     sts  0x0104,r3      ; (ldi) 0x30
@000044 9220
@000045 0105    //     sts  0x0105,r2      ; (ldi) 0x70
@000046 9210
@000047 0106    //     sts  0x0106,r1      ; (sub) 0x30 0x70 (cf=0)
@000048 9200
@000049 0107    //     sts  0x0107,r0      ; (sbc) 0x30 0x70 (cf=0)
                // 
@00004a 9280
@00004b 0108    //     sts  0x0108,r8      ; (ldi) 0xa0
@00004c 9290
@00004d 0109    //     sts  0x0109,r9      ; (ldi) 0x60
@00004e 92a0
@00004f 010a    //     sts  0x010a,r10     ; (adc) 0xa0 0x60 (cf=1)
@000050 92b0
@000051 010b    //     sts  0x010b,r11     ; (add) 0xa0 0x60 (cf=1)
                // 
@000052 92c0
@000053 010c    //     sts  0x010c,r12     ; (ldi) 0x10
@000054 92d0
@000055 010d    //     sts  0x010d,r13     ; (ldi) 0x60
@000056 92e0
@000057 010e    //     sts  0x010e,r14     ; (sbc) 0x10 0x60 (cf=1)
@000058 92f0
@000059 010f    //     sts  0x010f,r15     ; (sub) 0x10 0x60 (cf=1)
                // 
@00005a 9300
@00005b 0110    //     sts  0x0110,r16     ; (ldi) 0x90
@00005c 9310
@00005d 0111    //     sts  0x0111,r17     ; (ldi) 0x50
@00005e 9320
@00005f 0112    //     sts  0x0112,r18     ; (adc) 0x90 0x50 (cf=1)
@000060 9330
@000061 0113    //     sts  0x0113,r19     ; (add) 0x90 0x50 (cf=1)
                // 
@000062 9340
@000063 0114    //     sts  0x0114,r20     ; (ldi) 0xf0
@000064 9350
@000065 0115    //     sts  0x0115,r21     ; (ldi) 0x50
@000066 9360
@000067 0116    //     sts  0x0116,r22     ; (sbc) 0xf0 0x50 (cf=1)
@000068 9370
@000069 0117    //     sts  0x0117,r23     ; (sub) 0xf0 0x50 (cf=1)
                // 
@00006a 9380
@00006b 0118    //     sts  0x0118,r24     ; (ldi) 0x80
@00006c 9390
@00006d 0119    //     sts  0x0119,r25     ; (ldi) 0x40
@00006e 93a0
@00006f 011a    //     sts  0x011a,r26     ; (adc) 0x80 0x40 (cf=0)
@000070 93b0
@000071 011b    //     sts  0x011b,r27     ; (add) 0x80 0x40 (cf=0)
                // 
@000072 93c0
@000073 011c    //     sts  0x011c,r28     ; (ldi) 0xd0
@000074 93d0
@000075 011d    //     sts  0x011d,r29     ; (ldi) 0x40
@000076 93e0
@000077 011e    //     sts  0x011e,r30     ; (sbc) 0xd0 0x40 (cf=0)
@000078 93f0
@000079 011f    //     sts  0x011f,r31     ; (sub) 0xd0 0x40 (cf=0)
                // ;-------------------
@00007a ef0f    //     ldi  r16,0xff
@00007b 9300
@00007c ffff    //     sts  0xffff,r16
                // halt:
@00007d cfff    //     rjmp halt
//
//Assembly complete, 0 errors, 0 warnings
