//
//AVRASM ver. 2.2.0  fn21.asm Sat Oct 20 05:53:26 2018
//
                // 
                // 
                // ; test for subi/sbci
                // ;-------------------
@000000 e300    //     ldi  r16,0x30
@000001 e140    //     ldi  r20,0x10
@000002 ef80    //     ldi  r24,0xf0
@000003 edf0    //     ldi  r31,0xd0
                // 
@000004 e810    //     ldi  r17,0x80
@000005 e750    //     ldi  r21,0x70
@000006 e690    //     ldi  r25,0x60
@000007 e4ef    //     ldi  r30,0x4f
                // ;-------------------
@000008 e320    //     ldi  r18,0x30
@000009 e160    //     ldi  r22,0x10
@00000a efa0    //     ldi  r26,0xf0
@00000b edd0    //     ldi  r29,0xd0
                // 
@00000c 5820    //     subi r18,0x80
@00000d 4760    //     sbci r22,0x70
@00000e 46a0    //     sbci r26,0x60
@00000f 44df    //     sbci r29,0x4f
                // ;-------------------
@000010 e330    //     ldi  r19,0x30
@000011 e170    //     ldi  r23,0x10
@000012 efb0    //     ldi  r27,0xf0
@000013 edc0    //     ldi  r28,0xd0
                // 
@000014 4830    //     sbci r19,0x80
@000015 5770    //     subi r23,0x70
@000016 56b0    //     subi r27,0x60
@000017 54cf    //     subi r28,0x4f
                // ;-------------------
@000018 9300
@000019 0100    //     sts  0x0100,r16     ; (ldi) 0x30
@00001a 9310
@00001b 0101    //     sts  0x0101,r17     ; (ldi) 0x80
@00001c 9320
@00001d 0102    //     sts  0x0102,r18     ; (subi) 0x30 0x80 (cf=0)
@00001e 9330
@00001f 0103    //     sts  0x0103,r19     ; (sbci) 0x30 0x80 (cf=0)
                // 
@000020 9340
@000021 0104    //     sts  0x0104,r20     ; (ldi) 0x10
@000022 9350
@000023 0105    //     sts  0x0105,r21     ; (ldi) 0x70
@000024 9360
@000025 0106    //     sts  0x0106,r22     ; (sbci) 0x10 0x70 (cf=1)
@000026 9370
@000027 0107    //     sts  0x0107,r23     ; (subi) 0x10 0x70 (cf=1)
                // 
@000028 9380
@000029 0108    //     sts  0x0108,r24     ; (ldi) 0xf0
@00002a 9390
@00002b 0109    //     sts  0x0109,r25     ; (ldi) 0x60
@00002c 93a0
@00002d 010a    //     sts  0x010a,r26     ; (sbci) 0xf0 0x60 (cf=1)
@00002e 93b0
@00002f 010b    //     sts  0x010b,r27     ; (subi) 0xf0 0x60 (cf=1)
                // 
@000030 93f0
@000031 010c    //     sts  0x010c,r31     ; (ldi) 0xd0
@000032 93e0
@000033 010d    //     sts  0x010d,r30     ; (ldi) 0x4f
@000034 93d0
@000035 010e    //     sts  0x010e,r29     ; (sbci) 0xd0 0x4f (cf=0)
@000036 93c0
@000037 010f    //     sts  0x010f,r28     ; (subi) 0xd0 0x4f (cf=0)
                // ;-------------------
@000038 ef0f    //     ldi  r16,0xff
@000039 9300
@00003a ffff    //     sts  0xffff,r16
                // halt:
@00003b cfff    //     rjmp halt
//
//Assembly complete, 0 errors, 0 warnings
