//
//AVRASM ver. 2.2.0  fn22.asm Sat Oct 20 05:53:26 2018
//
                // 
                // 
                // ; test for adiw/sbiw
                // ;-------------------
@000000 e092    //     ldi  r25,0x02
@000001 ed88    //     ldi  r24,0xd8
                // 
@000002 96c0    //     adiw r24,0x30
                // 
@000003 e0b2    //     ldi  r27,0x02
@000004 eda8    //     ldi  r26,0xd8
                // 
@000005 961f    //     adiw r26,0x0f
                // ;-------------------
@000006 e0d2    //     ldi  r29,0x02
@000007 e1c8    //     ldi  r28,0x18
                // 
@000008 97e0    //     sbiw r28,0x30
                // 
@000009 e0f2    //     ldi  r31,0x02
@00000a e1e8    //     ldi  r30,0x18
                // 
@00000b 973f    //     sbiw r30,0x0f
                // ;-------------------
@00000c ed08    //     ldi  r16,0xd8
@00000d e012    //     ldi  r17,0x02
@00000e e320    //     ldi  r18,0x30
@00000f e03f    //     ldi  r19,0x0f
                // 
@000010 e148    //     ldi  r20,0x18
@000011 e052    //     ldi  r21,0x02
@000012 e360    //     ldi  r22,0x30
@000013 e07f    //     ldi  r23,0x0f
                // ;-------------------
@000014 9300
@000015 0100    //     sts  0x0100,r16     ; (ldi) 0xd8
@000016 9310
@000017 0101    //     sts  0x0101,r17     ; (ldi) 0x02
@000018 9320
@000019 0102    //     sts  0x0102,r18     ; (ldi) 0x30
@00001a 9330
@00001b 0103    //     sts  0x0103,r19     ; (ldi) 0x0f
                // 
@00001c 9340
@00001d 0104    //     sts  0x0104,r20     ; (ldi) 0x18
@00001e 9350
@00001f 0105    //     sts  0x0105,r21     ; (ldi) 0x02
@000020 9360
@000021 0106    //     sts  0x0106,r22     ; (ldi) 0x30
@000022 9370
@000023 0107    //     sts  0x0107,r23     ; (ldi) 0x0f
                // 
@000024 9380
@000025 0108    //     sts  0x0108,r24     ; (adiw) 0x02d8 0x30
@000026 9390
@000027 0109    //     sts  0x0109,r25
@000028 93a0
@000029 010a    //     sts  0x010a,r26     ; (adiw) 0x02d8 0x0f
@00002a 93b0
@00002b 010b    //     sts  0x010b,r27
@00002c 93c0
@00002d 010c    //     sts  0x010c,r28     ; (sbiw) 0x0218 0x30
@00002e 93d0
@00002f 010d    //     sts  0x010d,r29
@000030 93e0
@000031 010e    //     sts  0x010e,r30     ; (sbiw) 0x0218 0x0f
@000032 93f0
@000033 010f    //     sts  0x010f,r31
                // ;-------------------
@000034 ef0f    //     ldi  r16,0xff
@000035 9300
@000036 ffff    //     sts  0xffff,r16
                // halt:
@000037 cfff    //     rjmp halt
//
//Assembly complete, 0 errors, 0 warnings
