//
//AVRASM ver. 2.2.0  fn25.asm Sat Oct 20 05:53:26 2018
//
                // 
                // 
                // ; test for mul/muls/mulsu
                // ;---------------------------
@000000 e10f    //     ldi  r16,0x1f
@000001 e38f    //     ldi  r24,0x3f
@000002 2e70    //     mov  r7 ,r16
@000003 2e88    //     mov  r8 ,r24
@000004 e80f    //     ldi  r16,0x8f
@000005 ea8f    //     ldi  r24,0xaf
                // 
@000006 eb10    //     ldi  r17,0xb0
@000007 e490    //     ldi  r25,0x40
@000008 2e61    //     mov  r6 ,r17
@000009 2e99    //     mov  r9 ,r25
@00000a e910    //     ldi  r17,0x90
@00000b e290    //     ldi  r25,0x20
                // 
@00000c 9e79    //     mul  r7 ,r25
@00000d 0170    //     movw r14,r0
@00000e 9e81    //     mul  r8 ,r17
@00000f 0160    //     movw r12,r0
@000010 9d09    //     mul  r16,r9
@000011 0150    //     movw r10,r0
@000012 9d86    //     mul  r24,r6
@000013 0140    //     movw r8 ,r0
                // ;-------------------
@000014 e10f    //     ldi  r16,0x1f
@000015 e32f    //     ldi  r18,0x3f
@000016 e84f    //     ldi  r20,0x8f
@000017 ea9f    //     ldi  r25,0xaf
                // 
@000018 eb10    //     ldi  r17,0xb0
@000019 e430    //     ldi  r19,0x40
@00001a e950    //     ldi  r21,0x90
@00001b e280    //     ldi  r24,0x20
                // 
@00001c 0208    //     muls r16,r24
@00001d 01f0    //     movw r30,r0
@00001e 0225    //     muls r18,r21
@00001f 01e0    //     movw r28,r0
@000020 0243    //     muls r20,r19
@000021 01d0    //     movw r26,r0
@000022 0291    //     muls r25,r17
@000023 01c0    //     movw r24,r0
                // ;-------------------
                //    ;ldi  r16,0x1f
                //    ;ldi  r18,0x3f
                //    ;ldi  r20,0x8f
@000024 ea7f    //     ldi  r23,0xaf
                // 
                //    ;ldi  r17,0xb0
                //    ;ldi  r19,0x40
                //    ;ldi  r21,0x90
@000025 e260    //     ldi  r22,0x20
                // 
@000026 0306    //     mulsu r16,r22
@000027 0130    //     movw  r6 ,r0
@000028 0325    //     mulsu r18,r21
@000029 0120    //     movw  r4 ,r0
@00002a 0343    //     mulsu r20,r19
@00002b 0110    //     movw  r2 ,r0
@00002c 0371    //     mulsu r23,r17
                // ;-------------------
@00002d 9300
@00002e 0100    //     sts  0x0100,r16     ; (ldi) 0x1f
@00002f 9360
@000030 0101    //     sts  0x0101,r22     ; (ldi) 0x20
@000031 92e0
@000032 0102    //     sts  0x0102,r14     ; (mul) 0x1f 0x20
@000033 92f0
@000034 0103    //     sts  0x0103,r15
@000035 93e0
@000036 0104    //     sts  0x0104,r30     ; (muls) 0x1f 0x20
@000037 93f0
@000038 0105    //     sts  0x0105,r31
@000039 9260
@00003a 0106    //     sts  0x0106,r6      ; (mulsu) 0x1f 0x20
@00003b 9270
@00003c 0107    //     sts  0x0107,r7
                // 
@00003d 9320
@00003e 0108    //     sts  0x0108,r18     ; (ldi) 0x2f
@00003f 9350
@000040 0109    //     sts  0x0109,r21     ; (ldi) 0xa0
@000041 92c0
@000042 010a    //     sts  0x010a,r12     ; (mul) 0x2f 0xa0
@000043 92d0
@000044 010b    //     sts  0x010b,r13
@000045 93c0
@000046 010c    //     sts  0x010c,r28     ; (muls) 0x2f 0xa0
@000047 93d0
@000048 010d    //     sts  0x010d,r29
@000049 9240
@00004a 010e    //     sts  0x010e,r4      ; (mulsu) 0x2f 0xa0
@00004b 9250
@00004c 010f    //     sts  0x010f,r5
                // 
@00004d 9340
@00004e 0110    //     sts  0x0110,r20     ; (ldi) 0x9f
@00004f 9330
@000050 0111    //     sts  0x0111,r19     ; (ldi) 0x40
@000051 92a0
@000052 0112    //     sts  0x0112,r10     ; (mul) 0x9f 0x40
@000053 92b0
@000054 0113    //     sts  0x0113,r11
@000055 93a0
@000056 0114    //     sts  0x0114,r26     ; (muls) 0x9f 0x40
@000057 93b0
@000058 0115    //     sts  0x0115,r27
@000059 9220
@00005a 0116    //     sts  0x0116,r2      ; (mulsu) 0x9f 0x40
@00005b 9230
@00005c 0117    //     sts  0x0117,r3
                // 
@00005d 9370
@00005e 0118    //     sts  0x0118,r23     ; (ldi) 0xaf
@00005f 9310
@000060 0119    //     sts  0x0119,r17     ; (ldi) 0xc0
@000061 9280
@000062 011a    //     sts  0x011a,r8      ; (mul) 0xaf 0xc0
@000063 9290
@000064 011b    //     sts  0x011b,r9
@000065 9380
@000066 011c    //     sts  0x011c,r24     ; (muls) 0xaf 0xc0
@000067 9390
@000068 011d    //     sts  0x011d,r25
@000069 9200
@00006a 011e    //     sts  0x011e,r0      ; (mulsu) 0xaf 0xc0
@00006b 9210
@00006c 011f    //     sts  0x011f,r1
                // ;-------------------
@00006d ef0f    //     ldi  r16,0xff
@00006e 9300
@00006f ffff    //     sts  0xffff,r16
                // halt:
@000070 cfff    //     rjmp halt
//
//Assembly complete, 0 errors, 0 warnings
