//
//AVRASM ver. 2.2.0  fn26.asm Sat Oct 20 05:53:26 2018
//
                // 
                // 
                // ; test for fmul/fmuls/fmulsu
                // ;---------------------------
@000000 e10f    //     ldi  r16,0x1f
@000001 e32f    //     ldi  r18,0x3f
@000002 e84f    //     ldi  r20,0x8f
@000003 ea7f    //     ldi  r23,0xaf
                // 
@000004 eb10    //     ldi  r17,0xb0
@000005 e430    //     ldi  r19,0x40
@000006 e950    //     ldi  r21,0x90
@000007 e260    //     ldi  r22,0x20
                // 
@000008 030e    //     fmul r16,r22
@000009 0170    //     movw r14,r0
@00000a 032d    //     fmul r18,r21
@00000b 0160    //     movw r12,r0
@00000c 034b    //     fmul r20,r19
@00000d 0150    //     movw r10,r0
@00000e 0379    //     fmul r23,r17
@00000f 0140    //     movw r8 ,r0
                // ;-------------------
@000010 0386    //     fmuls r16,r22
@000011 01f0    //     movw  r30,r0
@000012 03a5    //     fmuls r18,r21
@000013 01e0    //     movw  r28,r0
@000014 03c3    //     fmuls r20,r19
@000015 01d0    //     movw  r26,r0
@000016 03f1    //     fmuls r23,r17
@000017 01c0    //     movw  r24,r0
                // ;-------------------
@000018 038e    //     fmulsu r16,r22
@000019 0130    //     movw   r6 ,r0
@00001a 03ad    //     fmulsu r18,r21
@00001b 0120    //     movw   r4 ,r0
@00001c 03cb    //     fmulsu r20,r19
@00001d 0110    //     movw   r2 ,r0
@00001e 03f9    //     fmulsu r23,r17
                // ;-------------------
@00001f 9300
@000020 0100    //     sts  0x0100,r16     ; (ldi) 0x1f
@000021 9360
@000022 0101    //     sts  0x0101,r22     ; (ldi) 0x20
@000023 92e0
@000024 0102    //     sts  0x0102,r14     ; (fmul) 0x1f 0x20
@000025 92f0
@000026 0103    //     sts  0x0103,r15
@000027 93e0
@000028 0104    //     sts  0x0104,r30     ; (fmuls) 0x1f 0x20
@000029 93f0
@00002a 0105    //     sts  0x0105,r31
@00002b 9260
@00002c 0106    //     sts  0x0106,r6      ; (fmulsu) 0x1f 0x20
@00002d 9270
@00002e 0107    //     sts  0x0107,r7
                // 
@00002f 9320
@000030 0108    //     sts  0x0108,r18     ; (ldi) 0x2f
@000031 9350
@000032 0109    //     sts  0x0109,r21     ; (ldi) 0xa0
@000033 92c0
@000034 010a    //     sts  0x010a,r12     ; (fmul) 0x2f 0xa0
@000035 92d0
@000036 010b    //     sts  0x010b,r13
@000037 93c0
@000038 010c    //     sts  0x010c,r28     ; (fmuls) 0x2f 0xa0
@000039 93d0
@00003a 010d    //     sts  0x010d,r29
@00003b 9240
@00003c 010e    //     sts  0x010e,r4      ; (fmulsu) 0x2f 0xa0
@00003d 9250
@00003e 010f    //     sts  0x010f,r5
                // 
@00003f 9340
@000040 0110    //     sts  0x0110,r20     ; (ldi) 0x9f
@000041 9330
@000042 0111    //     sts  0x0111,r19     ; (ldi) 0x40
@000043 92a0
@000044 0112    //     sts  0x0112,r10     ; (fmul) 0x9f 0x40
@000045 92b0
@000046 0113    //     sts  0x0113,r11
@000047 93a0
@000048 0114    //     sts  0x0114,r26     ; (fmuls) 0x9f 0x40
@000049 93b0
@00004a 0115    //     sts  0x0115,r27
@00004b 9220
@00004c 0116    //     sts  0x0116,r2      ; (fmulsu) 0x9f 0x40
@00004d 9230
@00004e 0117    //     sts  0x0117,r3
                // 
@00004f 9370
@000050 0118    //     sts  0x0118,r23     ; (ldi) 0xaf
@000051 9310
@000052 0119    //     sts  0x0119,r17     ; (ldi) 0xc0
@000053 9280
@000054 011a    //     sts  0x011a,r8      ; (fmul) 0xaf 0xc0
@000055 9290
@000056 011b    //     sts  0x011b,r9
@000057 9380
@000058 011c    //     sts  0x011c,r24     ; (fmuls) 0xaf 0xc0
@000059 9390
@00005a 011d    //     sts  0x011d,r25
@00005b 9200
@00005c 011e    //     sts  0x011e,r0      ; (fmulsu) 0xaf 0xc0
@00005d 9210
@00005e 011f    //     sts  0x011f,r1
                // ;-------------------
@00005f ef0f    //     ldi  r16,0xff
@000060 9300
@000061 ffff    //     sts  0xffff,r16
                // halt:
@000062 cfff    //     rjmp halt
//
//Assembly complete, 0 errors, 0 warnings
