//
//AVRASM ver. 2.2.0  fn42.asm Sat Oct 20 05:53:27 2018
//
                // 
                // 
                // ; test for interrupt/reti
                // ;---------------------------
                // ; In this test IRQ input is required. See testbench stimuli.
@000000 940c
@000001 0006    //     jmp  reset
@000002 940c
@000003 0110    //     jmp  hand1
@000004 940c
@000005 0220    //     jmp  hand2
                // ;-------------------
                // reset:
@000006 9478    //     sei
                // 
@000007 e000    //     ldi  r16,0x00
@000008 9503    //     inc  r16
@000009 9300
@00000a 0100    //     sts  0x0100,r16 ; (inc) 0x00
@00000b 9503    //     inc  r16
@00000c 9300
@00000d 0101    //     sts  0x0101,r16 ; (inc)
@00000e 9503    //     inc  r16
@00000f 9300
@000010 0102    //     sts  0x0102,r16 ; (inc)
@000011 9503    //     inc  r16
@000012 9300
@000013 0103    //     sts  0x0103,r16 ; (inc)
@000014 9200
@000015 0104    //     sts  0x0104,r0  ; (inc)
@000016 9210
@000017 0105    //     sts  0x0105,r1  ; (inc)
                // 
@000018 e000    //     ldi  r16,0x00
@000019 9503    //     inc  r16
@00001a 9300
@00001b 0110    //     sts  0x0110,r16 ; (inc) 0x00
@00001c 9503    //     inc  r16
@00001d 9300
@00001e 0111    //     sts  0x0111,r16 ; (inc)
@00001f 9503    //     inc  r16
@000020 9300
@000021 0112    //     sts  0x0112,r16 ; (inc)
@000022 9503    //     inc  r16
@000023 9300
@000024 0113    //     sts  0x0113,r16 ; (inc)
@000025 9200
@000026 0114    //     sts  0x0114,r0  ; (inc)
@000027 9210
@000028 0115    //     sts  0x0115,r1  ; (inc)
                // 
@000029 ef0f    //     ldi  r16,0xff
@00002a 9300
@00002b ffff    //     sts  0xffff,r16
                // halt:
@00002c cfff    //     rjmp halt
                // ;-------------------
                //     .org 0x0110
                // hand1:
@000110 9503    //     inc  r16
@000111 2e00    //     mov  r0 ,r16
@000112 9518    //     reti
                // ;-------------------
                //     .org 0x0220
                // hand2:
@000220 9503    //     inc  r16
@000221 2e10    //     mov  r1 ,r16
@000222 9518    //     reti
//
//Assembly complete, 0 errors, 0 warnings
