//
//AVRASM ver. 2.2.0  fn43.asm Sat Oct 20 05:53:27 2018
//
                // 
                // 
                // ; test for cp/cpc
                // ;-------------------
                //     .equ sreg = 0x3f
                // ;-------------------
@000000 e208    //     ldi  r16,0x28
@000001 e780    //     ldi  r24,0x70
@000002 2e70    //     mov  r7 ,r16
@000003 2e88    //     mov  r8 ,r24
@000004 ec00    //     ldi  r16,0xc0
@000005 ed88    //     ldi  r24,0xd8
                // 
@000006 e010    //     ldi  r17,0x00
@000007 e79f    //     ldi  r25,0x7f
@000008 2e61    //     mov  r6 ,r17
@000009 2e99    //     mov  r9 ,r25
@00000a e810    //     ldi  r17,0x80
@00000b ef9f    //     ldi  r25,0xff
                // ;-------------------
@00000c 1477    //     cp   r7 ,r7
@00000d b65f    //     in   r5 ,sreg
@00000e 1487    //     cp   r8 ,r7
@00000f b64f    //     in   r4 ,sreg
@000010 1478    //     cp   r7 ,r8
@000011 b63f    //     in   r3 ,sreg
                // 
@000012 9418    //     sez
@000013 1669    //     cp   r6 ,r25
@000014 b62f    //     in   r2 ,sreg
@000015 1678    //     cp   r7 ,r24
@000016 b61f    //     in   r1 ,sreg
@000017 1680    //     cp   r8 ,r16
@000018 b60f    //     in   r0 ,sreg
                // 
@000019 9418    //     sez
@00001a 1519    //     cp   r17,r9
@00001b b6af    //     in   r10,sreg
@00001c 1508    //     cp   r16,r8
@00001d b6bf    //     in   r11,sreg
@00001e 1587    //     cp   r24,r7
@00001f b6cf    //     in   r12,sreg
                // 
@000020 9418    //     sez
@000021 1700    //     cp   r16,r16
@000022 b6df    //     in   r13,sreg
@000023 1780    //     cp   r24,r16
@000024 b6ef    //     in   r14,sreg
@000025 1708    //     cp   r16,r24
@000026 b6ff    //     in   r15,sreg
                // ;-------------------
@000027 9488    //     clc
@000028 0477    //     cpc  r7 ,r7
@000029 b72f    //     in   r18,sreg
@00002a 0487    //     cpc  r8 ,r7
@00002b b73f    //     in   r19,sreg
@00002c 0478    //     cpc  r7 ,r8
@00002d b74f    //     in   r20,sreg
                // 
@00002e 9418    //     sez
@00002f 0669    //     cpc  r6 ,r25
@000030 b75f    //     in   r21,sreg
@000031 0678    //     cpc  r7 ,r24
@000032 b76f    //     in   r22,sreg
@000033 0680    //     cpc  r8 ,r16
@000034 b77f    //     in   r23,sreg
                // 
@000035 9418    //     sez
@000036 0519    //     cpc  r17,r9
@000037 b7af    //     in   r26,sreg
@000038 0508    //     cpc  r16,r8
@000039 b7bf    //     in   r27,sreg
@00003a 0587    //     cpc  r24,r7
@00003b b7cf    //     in   r28,sreg
                // 
@00003c 9418    //     sez
@00003d 0700    //     cpc  r16,r16
@00003e b7df    //     in   r29,sreg
@00003f 0780    //     cpc  r24,r16
@000040 b7ef    //     in   r30,sreg
@000041 0708    //     cpc  r16,r24
@000042 b7ff    //     in   r31,sreg
                // ;-------------------
@000043 9270
@000044 0100    //     sts  0x0100,r7      ; (ldi) 0x28
@000045 9270
@000046 0101    //     sts  0x0101,r7      ; (ldi) 0x28
@000047 9250
@000048 0102    //     sts  0x0102,r5      ; (cp)  0x28 0x28 (cf=0 zf=0) ----z-
@000049 9320
@00004a 0103    //     sts  0x0103,r18     ; (cpc) 0x28 0x28 (cf=0 zf=0) ------
                // 
@00004b 9280
@00004c 0104    //     sts  0x0104,r8      ; (ldi) 0x70
@00004d 9270
@00004e 0105    //     sts  0x0105,r7      ; (ldi) 0x28
@00004f 9240
@000050 0106    //     sts  0x0106,r4      ; (cp)  0x70 0x28 (cf=0) h-----
@000051 9330
@000052 0107    //     sts  0x0107,r19     ; (cpc) 0x70 0x28 (cf=0) h-----
                // 
@000053 9270
@000054 0108    //     sts  0x0108,r7      ; (ldi) 0x28
@000055 9280
@000056 0109    //     sts  0x0109,r8      ; (ldi) 0x70
@000057 9230
@000058 010a    //     sts  0x010a,r3      ; (cp)  0x28 0x70 (cf=0) -s-n-c
@000059 9340
@00005a 010b    //     sts  0x010b,r20     ; (cpc) 0x28 0x70 (cf=0) -s-n-c
                // ;-------------------
@00005b 9260
@00005c 0110    //     sts  0x0110,r6      ; (ldi) 0x00
@00005d 9390
@00005e 0111    //     sts  0x0111,r25     ; (ldi) 0xff
@00005f 9220
@000060 0112    //     sts  0x0112,r2      ; (cp)  0x00 0xff (cf=1 zf=1) h----c
@000061 9350
@000062 0113    //     sts  0x0113,r21     ; (cpc) 0x00 0xff (cf=1 zf=1) h---zc
                // 
@000063 9270
@000064 0114    //     sts  0x0114,r7      ; (ldi) 0x28
@000065 9380
@000066 0115    //     sts  0x0115,r24     ; (ldi) 0xd8
@000067 9210
@000068 0116    //     sts  0x0116,r1      ; (cp)  0x28 0xd8 (cf=1) -----c
@000069 9360
@00006a 0117    //     sts  0x0117,r22     ; (cpc) 0x28 0xd8 (cf=1) h----c
                // 
@00006b 9280
@00006c 0118    //     sts  0x0118,r8      ; (ldi) 0x70
@00006d 9300
@00006e 0119    //     sts  0x0119,r16     ; (ldi) 0xc0
@00006f 9200
@000070 011a    //     sts  0x011a,r0      ; (cp)  0x70 0xc0 (cf=1) --vn-c
@000071 9370
@000072 011b    //     sts  0x011b,r23     ; (cpc) 0x70 0xc0 (cf=1) h-vn-c
                // ;-------------------
@000073 9310
@000074 0120    //     sts  0x0120,r17     ; (ldi) 0x80
@000075 9290
@000076 0121    //     sts  0x0121,r9      ; (ldi) 0x7f
@000077 92a0
@000078 0122    //     sts  0x0122,r10     ; (cp)  0x80 0x7f (cf=1 zf=1) hsv---
@000079 93a0
@00007a 0123    //     sts  0x0123,r26     ; (cpc) 0x80 0x7f (cf=1 zf=1) hsv-z-
                // 
@00007b 9300
@00007c 0124    //     sts  0x0124,r16     ; (ldi) 0xc0
@00007d 9280
@00007e 0125    //     sts  0x0125,r8      ; (ldi) 0x70
@00007f 92b0
@000080 0126    //     sts  0x0126,r11     ; (cp)  0xc0 0x70 (cf=0) -sv---
@000081 93b0
@000082 0127    //     sts  0x0127,r27     ; (cpc) 0xc0 0x70 (cf=0) -sv---
                // 
@000083 9380
@000084 0128    //     sts  0x0128,r24     ; (ldi) 0xd8
@000085 9270
@000086 0129    //     sts  0x0129,r7      ; (ldi) 0x28
@000087 92c0
@000088 012a    //     sts  0x012a,r12     ; (cp)  0xd8 0x28 (cf=0) -s-n--
@000089 93c0
@00008a 012b    //     sts  0x012b,r28     ; (cpc) 0xd8 0x28 (cf=0) -s-n--
                // ;-------------------
@00008b 9300
@00008c 0130    //     sts  0x0130,r16     ; (ldi) 0xc0
@00008d 9300
@00008e 0131    //     sts  0x0131,r16     ; (ldi) 0xc0
@00008f 92d0
@000090 0132    //     sts  0x0132,r13     ; (cp)  0xc0 0xc0 (cf=0 zf=1) ----z-
@000091 93d0
@000092 0133    //     sts  0x0133,r29     ; (cpc) 0xc0 0xc0 (cf=0 zf=1) ----z-
                // 
@000093 9380
@000094 0134    //     sts  0x0134,r24     ; (ldi) 0xd8
@000095 9300
@000096 0135    //     sts  0x0135,r16     ; (ldi) 0xc0
@000097 92e0
@000098 0136    //     sts  0x0136,r14     ; (cp)  0xd8 0xc0 (cf=0) ------
@000099 93e0
@00009a 0137    //     sts  0x0137,r30     ; (cpc) 0xd8 0xc0 (cf=0) ------
                // 
@00009b 9300
@00009c 0138    //     sts  0x0138,r16     ; (ldi) 0xc0
@00009d 9380
@00009e 0139    //     sts  0x0139,r24     ; (ldi) 0xd8
@00009f 92f0
@0000a0 013a    //     sts  0x013a,r15     ; (cp)  0xc0 0xd8 (cf=0) hs-n-c
@0000a1 93f0
@0000a2 013b    //     sts  0x013b,r31     ; (cpc) 0xc0 0xd8 (cf=0) hs-n-c
                // ;-------------------
@0000a3 bf9f    //     out  sreg,r25
@0000a4 1780    //     cp   r24,r16
@0000a5 b6ef    //     in   r14,sreg
                // 
@0000a6 bf9f    //     out  sreg,r25
@0000a7 0780    //     cpc  r24,r16
@0000a8 b7ef    //     in   r30,sreg
                // 
@0000a9 9380
@0000aa 013c    //     sts  0x013c,r24     ; (ldi) 0xd8
@0000ab 9300
@0000ac 013d    //     sts  0x013d,r16     ; (ldi) 0xc0
@0000ad 92e0
@0000ae 013e    //     sts  0x013e,r14     ; (cp)  0xd8 0xc0 (cf=1) it------
@0000af 93e0
@0000b0 013f    //     sts  0x013f,r30     ; (cpc) 0xd8 0xc0 (cf=1) it------
                // ;-------------------
@0000b1 ef0f    //     ldi  r16,0xff
@0000b2 9300
@0000b3 ffff    //     sts  0xffff,r16
                // halt:
@0000b4 cfff    //     rjmp halt
//
//Assembly complete, 0 errors, 0 warnings
