//
//AVRASM ver. 2.2.0  fn44.asm Sat Oct 20 05:53:27 2018
//
                // 
                // 
                // ; test for cpi
                // ;-------------------
                //     .equ sreg = 0x3f
                // ;-------------------
@000000 e208    //     ldi  r16,0x28
@000001 e740    //     ldi  r20,0x70
@000002 ec80    //     ldi  r24,0xc0
@000003 edf8    //     ldi  r31,0xd8
                // 
@000004 e010    //     ldi  r17,0x00
@000005 e75f    //     ldi  r21,0x7f
@000006 e890    //     ldi  r25,0x80
@000007 efef    //     ldi  r30,0xff
                // ;-------------------
@000008 3208    //     cpi  r16,0x28
@000009 b65f    //     in   r5 ,sreg
@00000a 3248    //     cpi  r20,0x28
@00000b b64f    //     in   r4 ,sreg
@00000c 3700    //     cpi  r16,0x70
@00000d b63f    //     in   r3 ,sreg
                // 
@00000e 9418    //     sez
@00000f 3f1f    //     cpi  r17,0xff
@000010 b62f    //     in   r2 ,sreg
@000011 3d08    //     cpi  r16,0xd8
@000012 b61f    //     in   r1 ,sreg
@000013 3c40    //     cpi  r20,0xc0
@000014 b60f    //     in   r0 ,sreg
                // 
@000015 9418    //     sez
@000016 379f    //     cpi  r25,0x7f
@000017 b6af    //     in   r10,sreg
@000018 3780    //     cpi  r24,0x70
@000019 b6bf    //     in   r11,sreg
@00001a 32f8    //     cpi  r31,0x28
@00001b b6cf    //     in   r12,sreg
                // 
@00001c 9418    //     sez
@00001d 3c80    //     cpi  r24,0xc0
@00001e b6df    //     in   r13,sreg
@00001f 3cf0    //     cpi  r31,0xc0
@000020 b6ef    //     in   r14,sreg
@000021 3d88    //     cpi  r24,0xd8
@000022 b6ff    //     in   r15,sreg
                // ;-------------------
@000023 9300
@000024 0100    //     sts  0x0100,r16     ; (ldi) 0x28
@000025 9300
@000026 0101    //     sts  0x0101,r16     ; (ldi) 0x28
@000027 9250
@000028 0102    //     sts  0x0102,r5      ; (cpi) 0x28 0x28 (cf=0 zf=0) ----z-
                // 
@000029 9340
@00002a 0104    //     sts  0x0104,r20     ; (ldi) 0x70
@00002b 9300
@00002c 0105    //     sts  0x0105,r16     ; (ldi) 0x28
@00002d 9240
@00002e 0106    //     sts  0x0106,r4      ; (cpi) 0x70 0x28 (cf=0) h-----
                // 
@00002f 9300
@000030 0108    //     sts  0x0108,r16     ; (ldi) 0x28
@000031 9340
@000032 0109    //     sts  0x0109,r20     ; (ldi) 0x28
@000033 9230
@000034 010a    //     sts  0x010a,r3      ; (cpi) 0x28 0x70 (cf=0) -s-n-c
                // ;-------------------
@000035 9310
@000036 0110    //     sts  0x0110,r17     ; (ldi) 0x00
@000037 93e0
@000038 0111    //     sts  0x0111,r30     ; (ldi) 0xff
@000039 9220
@00003a 0112    //     sts  0x0112,r2      ; (cpi) 0x00 0xff (cf=1 zf=1) h----c
                // 
@00003b 9300
@00003c 0114    //     sts  0x0114,r16     ; (ldi) 0x28
@00003d 93f0
@00003e 0115    //     sts  0x0115,r31     ; (ldi) 0xd8
@00003f 9210
@000040 0116    //     sts  0x0116,r1      ; (cpi) 0x28 0xd8 (cf=1) -----c
                // 
@000041 9340
@000042 0118    //     sts  0x0118,r20     ; (ldi) 0x70
@000043 9380
@000044 0119    //     sts  0x0119,r24     ; (ldi) 0xc0
@000045 9200
@000046 011a    //     sts  0x011a,r0      ; (cpi) 0x70 0xc0 (cf=1) --vn-c
                // ;-------------------
@000047 9390
@000048 0120    //     sts  0x0120,r25     ; (ldi) 0x80
@000049 9350
@00004a 0121    //     sts  0x0121,r21     ; (ldi) 0x7f
@00004b 92a0
@00004c 0122    //     sts  0x0122,r10     ; (cpi) 0x80 0x7f (cf=1 zf=1) hsv---
                // 
@00004d 9380
@00004e 0124    //     sts  0x0124,r24     ; (ldi) 0xc0
@00004f 9340
@000050 0125    //     sts  0x0125,r20     ; (ldi) 0x70
@000051 92b0
@000052 0126    //     sts  0x0126,r11     ; (cpi) 0xc0 0x70 (cf=0) -sv---
                // 
@000053 93f0
@000054 0128    //     sts  0x0128,r31     ; (ldi) 0xd8
@000055 9300
@000056 0129    //     sts  0x0129,r16     ; (ldi) 0x28
@000057 92c0
@000058 012a    //     sts  0x012a,r12     ; (cpi) 0xd8 0x28 (cf=0) -s-n--
                // ;-------------------
@000059 9380
@00005a 0130    //     sts  0x0130,r24     ; (ldi) 0xc0
@00005b 9380
@00005c 0131    //     sts  0x0131,r24     ; (ldi) 0xc0
@00005d 92d0
@00005e 0132    //     sts  0x0132,r13     ; (cpi) 0xc0 0xc0 (cf=0 zf=1) ----z-
                // 
@00005f 93f0
@000060 0134    //     sts  0x0134,r31     ; (ldi) 0xd8
@000061 9380
@000062 0135    //     sts  0x0135,r24     ; (ldi) 0xc0
@000063 92e0
@000064 0136    //     sts  0x0136,r14     ; (cpi) 0xd8 0xc0 (cf=0) ------
                // 
@000065 9380
@000066 0138    //     sts  0x0138,r24     ; (ldi) 0xc0
@000067 93f0
@000068 0139    //     sts  0x0139,r31     ; (ldi) 0xd8
@000069 92f0
@00006a 013a    //     sts  0x013a,r15     ; (cpi) 0xc0 0xd8 (cf=0) hs-n-c
                // ;-------------------
@00006b bfef    //     out  sreg,r30
@00006c 3cf0    //     cpi  r31,0xc0
@00006d b6ef    //     in   r14,sreg
                // 
@00006e 93f0
@00006f 013c    //     sts  0x013c,r31     ; (ldi) 0xd8
@000070 9380
@000071 013d    //     sts  0x013d,r24     ; (ldi) 0xc0
@000072 92e0
@000073 013e    //     sts  0x013e,r14     ; (cpi) 0xd8 0xc0 (cf=1) it------
                // ;-------------------
@000074 ef0f    //     ldi  r16,0xff
@000075 9300
@000076 ffff    //     sts  0xffff,r16
                // halt:
@000077 cfff    //     rjmp halt
//
//Assembly complete, 0 errors, 0 warnings
