//
//AVRASM ver. 2.2.0  fn60.asm Sat Oct 20 05:53:28 2018
//
                // 
                // 
                // ; test for add/sreg
                // ;-------------------
                //     .equ sreg = 0x3f
                // ;-------------------
@000000 e000    //     ldi  r16,0x00
@000001 e480    //     ldi  r24,0x40
@000002 2e70    //     mov  r7 ,r16
@000003 2e88    //     mov  r8 ,r24
@000004 e800    //     ldi  r16,0x80
@000005 ec80    //     ldi  r24,0xc0
                // 
@000006 e218    //     ldi  r17,0x28
@000007 e59f    //     ldi  r25,0x5f
@000008 2e61    //     mov  r6 ,r17
@000009 2e99    //     mov  r9 ,r25
@00000a ea18    //     ldi  r17,0xa8
@00000b ed9f    //     ldi  r25,0xdf
                // ;-------------------
@00000c 2c57    //     mov  r5 ,r7
@00000d 0c57    //     add  r5 ,r7
@00000e b65f    //     in   r5 ,sreg
@00000f 2c48    //     mov  r4 ,r8
@000010 0c46    //     add  r4 ,r6
@000011 b64f    //     in   r4 ,sreg
@000012 2c38    //     mov  r3 ,r8
@000013 0c39    //     add  r3 ,r9
@000014 b63f    //     in   r3 ,sreg
                // 
@000015 2c28    //     mov  r2 ,r8
@000016 0e28    //     add  r2 ,r24
@000017 b62f    //     in   r2 ,sreg
@000018 2c18    //     mov  r1 ,r8
@000019 0e19    //     add  r1 ,r25
@00001a b61f    //     in   r1 ,sreg
@00001b 2c08    //     mov  r0 ,r8
@00001c 0e01    //     add  r0 ,r17
@00001d b60f    //     in   r0 ,sreg
                // 
@00001e 2ea8    //     mov  r10,r24
@00001f 0ca8    //     add  r10,r8
@000020 b6af    //     in   r10,sreg
@000021 2eb9    //     mov  r11,r25
@000022 0cb9    //     add  r11,r9
@000023 b6bf    //     in   r11,sreg
@000024 2ec1    //     mov  r12,r17
@000025 0cc6    //     add  r12,r6
@000026 b6cf    //     in   r12,sreg
                // 
@000027 2ed0    //     mov  r13,r16
@000028 0ed0    //     add  r13,r16
@000029 b6df    //     in   r13,sreg
@00002a 2ee1    //     mov  r14,r17
@00002b 0ee8    //     add  r14,r24
@00002c b6ef    //     in   r14,sreg
@00002d 2ef9    //     mov  r15,r25
@00002e 0ef8    //     add  r15,r24
@00002f b6ff    //     in   r15,sreg
                // ;-------------------
@000030 9488    //     clc
@000031 2d27    //     mov  r18,r7
@000032 1d27    //     adc  r18,r7
@000033 b72f    //     in   r18,sreg
@000034 2d38    //     mov  r19,r8
@000035 1d36    //     adc  r19,r6
@000036 b73f    //     in   r19,sreg
@000037 2d48    //     mov  r20,r8
@000038 1d49    //     adc  r20,r9
@000039 b74f    //     in   r20,sreg
                // 
@00003a 2d58    //     mov  r21,r8
@00003b 1f58    //     adc  r21,r24
@00003c b75f    //     in   r21,sreg
@00003d 2d68    //     mov  r22,r8
@00003e 1f69    //     adc  r22,r25
@00003f b76f    //     in   r22,sreg
@000040 2d78    //     mov  r23,r8
@000041 1f71    //     adc  r23,r17
@000042 b77f    //     in   r23,sreg
                // 
@000043 2fa8    //     mov  r26,r24
@000044 1da8    //     adc  r26,r8
@000045 b7af    //     in   r26,sreg
@000046 2fb9    //     mov  r27,r25
@000047 1db9    //     adc  r27,r9
@000048 b7bf    //     in   r27,sreg
@000049 2fc1    //     mov  r28,r17
@00004a 1dc6    //     adc  r28,r6
@00004b b7cf    //     in   r28,sreg
                // 
@00004c 2fd0    //     mov  r29,r16
@00004d 1fd0    //     adc  r29,r16
@00004e b7df    //     in   r29,sreg
@00004f 2fe1    //     mov  r30,r17
@000050 1fe8    //     adc  r30,r24
@000051 b7ef    //     in   r30,sreg
@000052 2ff9    //     mov  r31,r25
@000053 1ff8    //     adc  r31,r24
@000054 b7ff    //     in   r31,sreg
                // ;-------------------
@000055 9270
@000056 0100    //     sts  0x0100,r7      ; (ldi) 0x00
@000057 9270
@000058 0101    //     sts  0x0101,r7      ; (ldi) 0x00
@000059 9250
@00005a 0102    //     sts  0x0102,r5      ; (add) 0x00 0x00 (cf=0) ----z-
@00005b 9320
@00005c 0103    //     sts  0x0103,r18     ; (adc) 0x00 0x00 (cf=0) ----z-
                // 
@00005d 9280
@00005e 0104    //     sts  0x0104,r8      ; (ldi) 0x40
@00005f 9260
@000060 0105    //     sts  0x0105,r6      ; (ldi) 0x28
@000061 9240
@000062 0106    //     sts  0x0106,r4      ; (add) 0x40 0x28 (cf=0) ------
@000063 9330
@000064 0107    //     sts  0x0107,r19     ; (adc) 0x40 0x28 (cf=0) ------
                // 
@000065 9280
@000066 0108    //     sts  0x0108,r8      ; (ldi) 0x40
@000067 9290
@000068 0109    //     sts  0x0109,r9      ; (ldi) 0x5f
@000069 9230
@00006a 010a    //     sts  0x010a,r3      ; (add) 0x40 0x5f (cf=0) --vn--
@00006b 9340
@00006c 010b    //     sts  0x010b,r20     ; (adc) 0x40 0x5f (cf=0) --vn--
                // ;-------------------
@00006d 9280
@00006e 0110    //     sts  0x0110,r8      ; (ldi) 0x40
@00006f 9380
@000070 0111    //     sts  0x0111,r24     ; (ldi) 0xc0
@000071 9220
@000072 0112    //     sts  0x0112,r2      ; (add) 0x40 0xc0 (cf=0) ----zc
@000073 9350
@000074 0113    //     sts  0x0113,r21     ; (adc) 0x40 0xc0 (cf=0) ----zc
                // 
@000075 9280
@000076 0114    //     sts  0x0114,r8      ; (ldi) 0x40
@000077 9390
@000078 0115    //     sts  0x0115,r25     ; (ldi) 0xdf
@000079 9210
@00007a 0116    //     sts  0x0116,r1      ; (add) 0x40 0xdf (cf=1) -----c
@00007b 9360
@00007c 0117    //     sts  0x0117,r22     ; (adc) 0x40 0xdf (cf=1) h----c
                // 
@00007d 9280
@00007e 0118    //     sts  0x0118,r8      ; (ldi) 0x40
@00007f 9310
@000080 0119    //     sts  0x0119,r17     ; (ldi) 0xa8
@000081 9200
@000082 011a    //     sts  0x011a,r0      ; (add) 0x40 0xa8 (cf=1) -s-n--
@000083 9370
@000084 011b    //     sts  0x011b,r23     ; (adc) 0x40 0xa8 (cf=1) -s-n--
                // ;-------------------
@000085 9380
@000086 0120    //     sts  0x0120,r24     ; (ldi) 0xc0
@000087 9280
@000088 0121    //     sts  0x0121,r8      ; (ldi) 0x40
@000089 92a0
@00008a 0122    //     sts  0x0122,r10     ; (add) 0xc0 0x40 (cf=0) ----zc
@00008b 93a0
@00008c 0123    //     sts  0x0123,r26     ; (adc) 0xc0 0x40 (cf=0) ----zc
                // 
@00008d 9390
@00008e 0124    //     sts  0x0124,r25     ; (ldi) 0xdf
@00008f 9290
@000090 0125    //     sts  0x0125,r9      ; (ldi) 0x5f
@000091 92b0
@000092 0126    //     sts  0x0126,r11     ; (add) 0xdf 0x5f (cf=1) h----c
@000093 93b0
@000094 0127    //     sts  0x0127,r27     ; (adc) 0xdf 0x5f (cf=1) h----c
                // 
@000095 9310
@000096 0128    //     sts  0x0128,r17     ; (ldi) 0xa8
@000097 9260
@000098 0129    //     sts  0x0129,r6      ; (ldi) 0x28
@000099 92c0
@00009a 012a    //     sts  0x012a,r12     ; (add) 0xa8 0x28 (cf=1) hs-n--
@00009b 93c0
@00009c 012b    //     sts  0x012b,r28     ; (adc) 0xa8 0x28 (cf=1) hs-n--
                // ;-------------------
@00009d 9300
@00009e 0130    //     sts  0x0130,r16     ; (ldi) 0x80
@00009f 9300
@0000a0 0131    //     sts  0x0131,r16     ; (ldi) 0x80
@0000a1 92d0
@0000a2 0132    //     sts  0x0132,r13     ; (add) 0x80 0x80 (cf=0) -sv-zc
@0000a3 93d0
@0000a4 0133    //     sts  0x0133,r29     ; (adc) 0x80 0x80 (cf=0) -sv-zc
                // 
@0000a5 9310
@0000a6 0134    //     sts  0x0134,r17     ; (ldi) 0xa8
@0000a7 9380
@0000a8 0135    //     sts  0x0135,r24     ; (ldi) 0xc0
@0000a9 92e0
@0000aa 0136    //     sts  0x0136,r14     ; (add) 0xa8 0xc0 (cf=1) -sv--c
@0000ab 93e0
@0000ac 0137    //     sts  0x0137,r30     ; (adc) 0xa8 0xc0 (cf=1) -sv--c
                // 
@0000ad 9390
@0000ae 0138    //     sts  0x0138,r25     ; (ldi) 0xdf
@0000af 9380
@0000b0 0139    //     sts  0x0139,r24     ; (ldi) 0xc0
@0000b1 92f0
@0000b2 013a    //     sts  0x013a,r15     ; (add) 0xdf 0xc0 (cf=1) -s-n-c
@0000b3 93f0
@0000b4 013b    //     sts  0x013b,r31     ; (adc) 0xdf 0xc0 (cf=1) hs-n-c
                // ;-------------------
@0000b5 ef0f    //     ldi  r16,0xff
                // 
@0000b6 bf0f    //     out  sreg,r16
@0000b7 2c48    //     mov  r4 ,r8
@0000b8 0c46    //     add  r4 ,r6
@0000b9 b64f    //     in   r4 ,sreg
                // 
@0000ba bf0f    //     out  sreg,r16
@0000bb 2d38    //     mov  r19,r8
@0000bc 1d36    //     adc  r19,r6
@0000bd b73f    //     in   r19,sreg
                // 
@0000be 9280
@0000bf 010c    //     sts  0x010c,r8      ; (ldi) 0x40
@0000c0 9260
@0000c1 010d    //     sts  0x010d,r6      ; (ldi) 0x28
@0000c2 9240
@0000c3 010e    //     sts  0x010e,r4      ; (add) 0x40 0x28 (cf=1) it------
@0000c4 9330
@0000c5 010f    //     sts  0x010f,r19     ; (adc) 0x40 0x28 (cf=1) it------
                // 
@0000c6 9300
@0000c7 ffff    //     sts  0xffff,r16
                // halt:
@0000c8 cfff    //     rjmp halt
//
//Assembly complete, 0 errors, 0 warnings
