//
//AVRASM ver. 2.2.0  fn61.asm Sat Oct 20 05:53:28 2018
//
                // 
                // 
                // ; test for sub/sreg
                // ;-------------------
                //     .equ sreg = 0x3f
                // ;-------------------
@000000 e208    //     ldi  r16,0x28
@000001 e780    //     ldi  r24,0x70
@000002 2e70    //     mov  r7 ,r16
@000003 2e88    //     mov  r8 ,r24
@000004 ec00    //     ldi  r16,0xc0
@000005 ed88    //     ldi  r24,0xd8
                // 
@000006 e010    //     ldi  r17,0x00
@000007 e79f    //     ldi  r25,0x7f
@000008 2e61    //     mov  r6 ,r17
@000009 2e99    //     mov  r9 ,r25
@00000a e810    //     ldi  r17,0x80
@00000b ef9f    //     ldi  r25,0xff
                // ;-------------------
@00000c 2c57    //     mov  r5 ,r7
@00000d 1857    //     sub  r5 ,r7
@00000e b65f    //     in   r5 ,sreg
@00000f 2c48    //     mov  r4 ,r8
@000010 1847    //     sub  r4 ,r7
@000011 b64f    //     in   r4 ,sreg
@000012 2c37    //     mov  r3 ,r7
@000013 1838    //     sub  r3 ,r8
@000014 b63f    //     in   r3 ,sreg
                // 
@000015 9418    //     sez
@000016 2c26    //     mov  r2 ,r6
@000017 1a29    //     sub  r2 ,r25
@000018 b62f    //     in   r2 ,sreg
@000019 2c17    //     mov  r1 ,r7
@00001a 1a18    //     sub  r1 ,r24
@00001b b61f    //     in   r1 ,sreg
@00001c 2c08    //     mov  r0 ,r8
@00001d 1a00    //     sub  r0 ,r16
@00001e b60f    //     in   r0 ,sreg
                // 
@00001f 9418    //     sez
@000020 2ea1    //     mov  r10,r17
@000021 18a9    //     sub  r10,r9
@000022 b6af    //     in   r10,sreg
@000023 2eb0    //     mov  r11,r16
@000024 18b8    //     sub  r11,r8
@000025 b6bf    //     in   r11,sreg
@000026 2ec8    //     mov  r12,r24
@000027 18c7    //     sub  r12,r7
@000028 b6cf    //     in   r12,sreg
                // 
@000029 9418    //     sez
@00002a 2ed0    //     mov  r13,r16
@00002b 1ad0    //     sub  r13,r16
@00002c b6df    //     in   r13,sreg
@00002d 2ee8    //     mov  r14,r24
@00002e 1ae0    //     sub  r14,r16
@00002f b6ef    //     in   r14,sreg
@000030 2ef0    //     mov  r15,r16
@000031 1af8    //     sub  r15,r24
@000032 b6ff    //     in   r15,sreg
                // ;-------------------
@000033 9488    //     clc
@000034 2d27    //     mov  r18,r7
@000035 0927    //     sbc  r18,r7
@000036 b72f    //     in   r18,sreg
@000037 2d38    //     mov  r19,r8
@000038 0937    //     sbc  r19,r7
@000039 b73f    //     in   r19,sreg
@00003a 2d47    //     mov  r20,r7
@00003b 0948    //     sbc  r20,r8
@00003c b74f    //     in   r20,sreg
                // 
@00003d 9418    //     sez
@00003e 2d56    //     mov  r21,r6
@00003f 0b59    //     sbc  r21,r25
@000040 b75f    //     in   r21,sreg
@000041 2d67    //     mov  r22,r7
@000042 0b68    //     sbc  r22,r24
@000043 b76f    //     in   r22,sreg
@000044 2d78    //     mov  r23,r8
@000045 0b70    //     sbc  r23,r16
@000046 b77f    //     in   r23,sreg
                // 
@000047 9418    //     sez
@000048 2fa1    //     mov  r26,r17
@000049 09a9    //     sbc  r26,r9
@00004a b7af    //     in   r26,sreg
@00004b 2fb0    //     mov  r27,r16
@00004c 09b8    //     sbc  r27,r8
@00004d b7bf    //     in   r27,sreg
@00004e 2fc8    //     mov  r28,r24
@00004f 09c7    //     sbc  r28,r7
@000050 b7cf    //     in   r28,sreg
                // 
@000051 9418    //     sez
@000052 2fd0    //     mov  r29,r16
@000053 0bd0    //     sbc  r29,r16
@000054 b7df    //     in   r29,sreg
@000055 2fe8    //     mov  r30,r24
@000056 0be0    //     sbc  r30,r16
@000057 b7ef    //     in   r30,sreg
@000058 2ff0    //     mov  r31,r16
@000059 0bf8    //     sbc  r31,r24
@00005a b7ff    //     in   r31,sreg
                // ;-------------------
@00005b 9270
@00005c 0100    //     sts  0x0100,r7      ; (ldi) 0x28
@00005d 9270
@00005e 0101    //     sts  0x0101,r7      ; (ldi) 0x28
@00005f 9250
@000060 0102    //     sts  0x0102,r5      ; (sub) 0x28 0x28 (cf=0 zf=0) ----z-
@000061 9320
@000062 0103    //     sts  0x0103,r18     ; (sbc) 0x28 0x28 (cf=0 zf=0) ------
                // 
@000063 9280
@000064 0104    //     sts  0x0104,r8      ; (ldi) 0x70
@000065 9270
@000066 0105    //     sts  0x0105,r7      ; (ldi) 0x28
@000067 9240
@000068 0106    //     sts  0x0106,r4      ; (sub) 0x70 0x28 (cf=0) h-----
@000069 9330
@00006a 0107    //     sts  0x0107,r19     ; (sbc) 0x70 0x28 (cf=0) h-----
                // 
@00006b 9270
@00006c 0108    //     sts  0x0108,r7      ; (ldi) 0x28
@00006d 9280
@00006e 0109    //     sts  0x0109,r8      ; (ldi) 0x70
@00006f 9230
@000070 010a    //     sts  0x010a,r3      ; (sub) 0x28 0x70 (cf=0) -s-n-c
@000071 9340
@000072 010b    //     sts  0x010b,r20     ; (sbc) 0x28 0x70 (cf=0) -s-n-c
                // ;-------------------
@000073 9260
@000074 0110    //     sts  0x0110,r6      ; (ldi) 0x00
@000075 9390
@000076 0111    //     sts  0x0111,r25     ; (ldi) 0xff
@000077 9220
@000078 0112    //     sts  0x0112,r2      ; (sub) 0x00 0xff (cf=1 zf=1) h----c
@000079 9350
@00007a 0113    //     sts  0x0113,r21     ; (sbc) 0x00 0xff (cf=1 zf=1) h---zc
                // 
@00007b 9270
@00007c 0114    //     sts  0x0114,r7      ; (ldi) 0x28
@00007d 9380
@00007e 0115    //     sts  0x0115,r24     ; (ldi) 0xd8
@00007f 9210
@000080 0116    //     sts  0x0116,r1      ; (sub) 0x28 0xd8 (cf=1) -----c
@000081 9360
@000082 0117    //     sts  0x0117,r22     ; (sbc) 0x28 0xd8 (cf=1) h----c
                // 
@000083 9280
@000084 0118    //     sts  0x0118,r8      ; (ldi) 0x70
@000085 9300
@000086 0119    //     sts  0x0119,r16     ; (ldi) 0xc0
@000087 9200
@000088 011a    //     sts  0x011a,r0      ; (sub) 0x70 0xc0 (cf=1) --vn-c
@000089 9370
@00008a 011b    //     sts  0x011b,r23     ; (sbc) 0x70 0xc0 (cf=1) h-vn-c
                // ;-------------------
@00008b 9310
@00008c 0120    //     sts  0x0120,r17     ; (ldi) 0x80
@00008d 9290
@00008e 0121    //     sts  0x0121,r9      ; (ldi) 0x7f
@00008f 92a0
@000090 0122    //     sts  0x0122,r10     ; (sub) 0x80 0x7f (cf=1 zf=1) hsv---
@000091 93a0
@000092 0123    //     sts  0x0123,r26     ; (sbc) 0x80 0x7f (cf=1 zf=1) hsv-z-
                // 
@000093 9300
@000094 0124    //     sts  0x0124,r16     ; (ldi) 0xc0
@000095 9280
@000096 0125    //     sts  0x0125,r8      ; (ldi) 0x70
@000097 92b0
@000098 0126    //     sts  0x0126,r11     ; (sub) 0xc0 0x70 (cf=0) -sv---
@000099 93b0
@00009a 0127    //     sts  0x0127,r27     ; (sbc) 0xc0 0x70 (cf=0) -sv---
                // 
@00009b 9380
@00009c 0128    //     sts  0x0128,r24     ; (ldi) 0xd8
@00009d 9270
@00009e 0129    //     sts  0x0129,r7      ; (ldi) 0x28
@00009f 92c0
@0000a0 012a    //     sts  0x012a,r12     ; (sub) 0xd8 0x28 (cf=0) -s-n--
@0000a1 93c0
@0000a2 012b    //     sts  0x012b,r28     ; (sbc) 0xd8 0x28 (cf=0) -s-n--
                // ;-------------------
@0000a3 9300
@0000a4 0130    //     sts  0x0130,r16     ; (ldi) 0xc0
@0000a5 9300
@0000a6 0131    //     sts  0x0131,r16     ; (ldi) 0xc0
@0000a7 92d0
@0000a8 0132    //     sts  0x0132,r13     ; (sub) 0xc0 0xc0 (cf=0 zf=1) ----z-
@0000a9 93d0
@0000aa 0133    //     sts  0x0133,r29     ; (sbc) 0xc0 0xc0 (cf=0 zf=1) ----z-
                // 
@0000ab 9380
@0000ac 0134    //     sts  0x0134,r24     ; (ldi) 0xd8
@0000ad 9300
@0000ae 0135    //     sts  0x0135,r16     ; (ldi) 0xc0
@0000af 92e0
@0000b0 0136    //     sts  0x0136,r14     ; (sub) 0xd8 0xc0 (cf=0) ------
@0000b1 93e0
@0000b2 0137    //     sts  0x0137,r30     ; (sbc) 0xd8 0xc0 (cf=0) ------
                // 
@0000b3 9300
@0000b4 0138    //     sts  0x0138,r16     ; (ldi) 0xc0
@0000b5 9380
@0000b6 0139    //     sts  0x0139,r24     ; (ldi) 0xd8
@0000b7 92f0
@0000b8 013a    //     sts  0x013a,r15     ; (sub) 0xc0 0xd8 (cf=0) hs-n-c
@0000b9 93f0
@0000ba 013b    //     sts  0x013b,r31     ; (sbc) 0xc0 0xd8 (cf=0) hs-n-c
                // ;-------------------
@0000bb bf9f    //     out  sreg,r25
@0000bc 2ee8    //     mov  r14,r24
@0000bd 1ae0    //     sub  r14,r16
@0000be b6ef    //     in   r14,sreg
                // 
@0000bf bf9f    //     out  sreg,r25
@0000c0 2fe8    //     mov  r30,r24
@0000c1 0be0    //     sbc  r30,r16
@0000c2 b7ef    //     in   r30,sreg
                // 
@0000c3 9380
@0000c4 013c    //     sts  0x013c,r24     ; (ldi) 0xd8
@0000c5 9300
@0000c6 013d    //     sts  0x013d,r16     ; (ldi) 0xc0
@0000c7 92e0
@0000c8 013e    //     sts  0x013e,r14     ; (sub) 0xd8 0xc0 (cf=1) it------
@0000c9 93e0
@0000ca 013f    //     sts  0x013f,r30     ; (sbc) 0xd8 0xc0 (cf=1) it------
                // ;-------------------
@0000cb ef0f    //     ldi  r16,0xff
@0000cc 9300
@0000cd ffff    //     sts  0xffff,r16
                // halt:
@0000ce cfff    //     rjmp halt
//
//Assembly complete, 0 errors, 0 warnings
