//
//AVRASM ver. 2.2.0  fn62.asm Sat Oct 20 05:53:28 2018
//
                // 
                // 
                // ; test for subi/sreg
                // ;-------------------
                //     .equ sreg = 0x3f
                // ;-------------------
@000000 e208    //     ldi  r16,0x28
@000001 e710    //     ldi  r17,0x70
@000002 ec20    //     ldi  r18,0xc0
@000003 ed38    //     ldi  r19,0xd8
                // 
@000004 e040    //     ldi  r20,0x00
@000005 e75f    //     ldi  r21,0x7f
@000006 e860    //     ldi  r22,0x80
@000007 ef7f    //     ldi  r23,0xff
                // ;-------------------
@000008 2f80    //     mov  r24,r16
@000009 5288    //     subi r24,0x28
@00000a b60f    //     in   r0 ,sreg
@00000b 2f91    //     mov  r25,r17
@00000c 5298    //     subi r25,0x28
@00000d b61f    //     in   r1 ,sreg
@00000e 2fa0    //     mov  r26,r16
@00000f 57a0    //     subi r26,0x70
@000010 b62f    //     in   r2 ,sreg
                // 
@000011 9418    //     sez
@000012 2fb4    //     mov  r27,r20
@000013 5fbf    //     subi r27,0xff
@000014 b63f    //     in   r3 ,sreg
@000015 2fc0    //     mov  r28,r16
@000016 5dc8    //     subi r28,0xd8
@000017 b64f    //     in   r4 ,sreg
@000018 2fd1    //     mov  r29,r17
@000019 5cd0    //     subi r29,0xc0
@00001a b65f    //     in   r5 ,sreg
                // 
@00001b 9418    //     sez
@00001c 2fe6    //     mov  r30,r22
@00001d 57ef    //     subi r30,0x7f
@00001e b66f    //     in   r6 ,sreg
@00001f 2ff2    //     mov  r31,r18
@000020 57f0    //     subi r31,0x70
@000021 b67f    //     in   r7 ,sreg
@000022 2f83    //     mov  r24,r19
@000023 5288    //     subi r24,0x28
@000024 b68f    //     in   r8 ,sreg
                // 
@000025 9418    //     sez
@000026 2f92    //     mov  r25,r18
@000027 5c90    //     subi r25,0xc0
@000028 b69f    //     in   r9 ,sreg
@000029 2fa3    //     mov  r26,r19
@00002a 5ca0    //     subi r26,0xc0
@00002b b6af    //     in   r10,sreg
@00002c 2fb2    //     mov  r27,r18
@00002d 5db8    //     subi r27,0xd8
@00002e b6bf    //     in   r11,sreg
                // ;-------------------
@00002f 9488    //     clc
@000030 2fc0    //     mov  r28,r16
@000031 42c8    //     sbci r28,0x28
@000032 b6cf    //     in   r12,sreg
@000033 2fd1    //     mov  r29,r17
@000034 42d8    //     sbci r29,0x28
@000035 b6df    //     in   r13,sreg
@000036 2fe0    //     mov  r30,r16
@000037 47e0    //     sbci r30,0x70
@000038 b6ef    //     in   r14,sreg
                // 
@000039 9418    //     sez
@00003a 2ff4    //     mov  r31,r20
@00003b 4fff    //     sbci r31,0xff
@00003c b6ff    //     in   r15,sreg
@00003d 2f80    //     mov  r24,r16
@00003e 4d88    //     sbci r24,0xd8
@00003f b78f    //     in   r24,sreg
@000040 2f91    //     mov  r25,r17
@000041 4c90    //     sbci r25,0xc0
@000042 b79f    //     in   r25,sreg
                // 
@000043 9418    //     sez
@000044 2fa6    //     mov  r26,r22
@000045 47af    //     sbci r26,0x7f
@000046 b7af    //     in   r26,sreg
@000047 2fb2    //     mov  r27,r18
@000048 47b0    //     sbci r27,0x70
@000049 b7bf    //     in   r27,sreg
@00004a 2fc3    //     mov  r28,r19
@00004b 42c8    //     sbci r28,0x28
@00004c b7cf    //     in   r28,sreg
                // 
@00004d 9418    //     sez
@00004e 2fd2    //     mov  r29,r18
@00004f 4cd0    //     sbci r29,0xc0
@000050 b7df    //     in   r29,sreg
@000051 2fe3    //     mov  r30,r19
@000052 4ce0    //     sbci r30,0xc0
@000053 b7ef    //     in   r30,sreg
@000054 2ff2    //     mov  r31,r18
@000055 4df8    //     sbci r31,0xd8
@000056 b7ff    //     in   r31,sreg
                // ;-------------------
@000057 9300
@000058 0100    //     sts  0x0100,r16     ; (ldi) 0x28
@000059 9300
@00005a 0101    //     sts  0x0101,r16     ; (ldi) 0x28
@00005b 9200
@00005c 0102    //     sts  0x0102,r0      ; (subi) 0x28 0x28 (cf=0 zf=0) ----z-
@00005d 92c0
@00005e 0103    //     sts  0x0103,r12     ; (sbci) 0x28 0x28 (cf=0 zf=0) ------
                // 
@00005f 9310
@000060 0104    //     sts  0x0104,r17     ; (ldi) 0x70
@000061 9300
@000062 0105    //     sts  0x0105,r16     ; (ldi) 0x28
@000063 9210
@000064 0106    //     sts  0x0106,r1      ; (subi) 0x70 0x28 (cf=0) h-----
@000065 92d0
@000066 0107    //     sts  0x0107,r13     ; (sbci) 0x70 0x28 (cf=0) h-----
                // 
@000067 9300
@000068 0108    //     sts  0x0108,r16     ; (ldi) 0x28
@000069 9310
@00006a 0109    //     sts  0x0109,r17     ; (ldi) 0x70
@00006b 9220
@00006c 010a    //     sts  0x010a,r2      ; (subi) 0x28 0x70 (cf=0) -s-n-c
@00006d 92e0
@00006e 010b    //     sts  0x010b,r14     ; (sbci) 0x28 0x70 (cf=0) -s-n-c
                // ;-------------------
@00006f 9340
@000070 0110    //     sts  0x0110,r20     ; (ldi) 0x00
@000071 9370
@000072 0111    //     sts  0x0111,r23     ; (ldi) 0xff
@000073 9230
@000074 0112    //     sts  0x0112,r3      ; (subi) 0x00 0xff (cf=1 zf=1) h----c
@000075 92f0
@000076 0113    //     sts  0x0113,r15     ; (sbci) 0x00 0xff (cf=1 zf=1) h---zc
                // 
@000077 9300
@000078 0114    //     sts  0x0114,r16     ; (ldi) 0x28
@000079 9330
@00007a 0115    //     sts  0x0115,r19     ; (ldi) 0xd8
@00007b 9240
@00007c 0116    //     sts  0x0116,r4      ; (subi) 0x28 0xd8 (cf=1) -----c
@00007d 9380
@00007e 0117    //     sts  0x0117,r24     ; (sbci) 0x28 0xd8 (cf=1) h----c
                // 
@00007f 9310
@000080 0118    //     sts  0x0118,r17     ; (ldi) 0x70
@000081 9320
@000082 0119    //     sts  0x0119,r18     ; (ldi) 0xc0
@000083 9250
@000084 011a    //     sts  0x011a,r5      ; (subi) 0x70 0xc0 (cf=1) --vn-c
@000085 9390
@000086 011b    //     sts  0x011b,r25     ; (sbci) 0x70 0xc0 (cf=1) h-vn-c
                // ;-------------------
@000087 9360
@000088 0120    //     sts  0x0120,r22     ; (ldi) 0x80
@000089 9350
@00008a 0121    //     sts  0x0121,r21     ; (ldi) 0x7f
@00008b 9260
@00008c 0122    //     sts  0x0122,r6      ; (subi) 0x80 0x7f (cf=1 zf=1) hsv---
@00008d 93a0
@00008e 0123    //     sts  0x0123,r26     ; (sbci) 0x80 0x7f (cf=1 zf=1) hsv-z-
                // 
@00008f 9320
@000090 0124    //     sts  0x0124,r18     ; (ldi) 0xc0
@000091 9310
@000092 0125    //     sts  0x0125,r17     ; (ldi) 0x70
@000093 9270
@000094 0126    //     sts  0x0126,r7      ; (subi) 0xc0 0x70 (cf=0) -sv---
@000095 93b0
@000096 0127    //     sts  0x0127,r27     ; (sbci) 0xc0 0x70 (cf=0) -sv---
                // 
@000097 9330
@000098 0128    //     sts  0x0128,r19     ; (ldi) 0xd8
@000099 9300
@00009a 0129    //     sts  0x0129,r16     ; (ldi) 0x28
@00009b 9280
@00009c 012a    //     sts  0x012a,r8      ; (subi) 0xd8 0x28 (cf=0) -s-n--
@00009d 93c0
@00009e 012b    //     sts  0x012b,r28     ; (sbci) 0xd8 0x28 (cf=0) -s-n--
                // ;-------------------
@00009f 9320
@0000a0 0130    //     sts  0x0130,r18     ; (ldi) 0xc0
@0000a1 9320
@0000a2 0131    //     sts  0x0131,r18     ; (ldi) 0xc0
@0000a3 9290
@0000a4 0132    //     sts  0x0132,r9      ; (subi) 0xc0 0xc0 (cf=0 zf=1) ----z-
@0000a5 93d0
@0000a6 0133    //     sts  0x0133,r29     ; (sbci) 0xc0 0xc0 (cf=0 zf=1) ----z-
                // 
@0000a7 9330
@0000a8 0134    //     sts  0x0134,r19     ; (ldi) 0xd8
@0000a9 9320
@0000aa 0135    //     sts  0x0135,r18     ; (ldi) 0xc0
@0000ab 92a0
@0000ac 0136    //     sts  0x0136,r10     ; (subi) 0xd8 0xc0 (cf=0) ------
@0000ad 93e0
@0000ae 0137    //     sts  0x0137,r30     ; (sbci) 0xd8 0xc0 (cf=0) ------
                // 
@0000af 9320
@0000b0 0138    //     sts  0x0138,r18     ; (ldi) 0xc0
@0000b1 9330
@0000b2 0139    //     sts  0x0139,r19     ; (ldi) 0xd8
@0000b3 92b0
@0000b4 013a    //     sts  0x013a,r11     ; (subi) 0xc0 0xd8 (cf=0) hs-n-c
@0000b5 93f0
@0000b6 013b    //     sts  0x013b,r31     ; (sbci) 0xc0 0xd8 (cf=0) hs-n-c
                // ;-------------------
@0000b7 bf7f    //     out  sreg,r23
@0000b8 2fe3    //     mov  r30,r19
@0000b9 5ce0    //     subi r30,0xc0
@0000ba b6af    //     in   r10,sreg
                // 
@0000bb bf7f    //     out  sreg,r23
@0000bc 2fe3    //     mov  r30,r19
@0000bd 4ce0    //     sbci r30,0xc0
@0000be b7ef    //     in   r30,sreg
                // 
@0000bf 9330
@0000c0 013c    //     sts  0x013c,r19     ; (ldi) 0xd8
@0000c1 9320
@0000c2 013d    //     sts  0x013d,r18     ; (ldi) 0xc0
@0000c3 92a0
@0000c4 013e    //     sts  0x013e,r10     ; (subi) 0xd8 0xc0 (cf=1) it------
@0000c5 93e0
@0000c6 013f    //     sts  0x013f,r30     ; (sbci) 0xd8 0xc0 (cf=1) it------
                // ;-------------------
@0000c7 ef0f    //     ldi  r16,0xff
@0000c8 9300
@0000c9 ffff    //     sts  0xffff,r16
                // halt:
@0000ca cfff    //     rjmp halt
//
//Assembly complete, 0 errors, 0 warnings
