//
//AVRASM ver. 2.2.0  fn63.asm Sat Oct 20 05:53:28 2018
//
                // 
                // 
                // ; test for adiw/sreg
                // ;-------------------
                //     .equ sreg = 0x3f
                // ;-------------------
@000000 e080    //     ldi  r24,0x00
@000001 e090    //     ldi  r25,0x00
@000002 e0a1    //     ldi  r26,0x01
@000003 e0b0    //     ldi  r27,0x00
@000004 efcf    //     ldi  r28,0xff
@000005 e7df    //     ldi  r29,0x7f
@000006 efef    //     ldi  r30,0xff
@000007 efff    //     ldi  r31,0xff
                // 
@000008 010c    //     movw r0 ,r24
@000009 011d    //     movw r2 ,r26
@00000a 012e    //     movw r4 ,r28
@00000b 013f    //     movw r6 ,r30
                // ;-------------------
@00000c be7f    //     out  sreg,r7
@00000d 9610    //     adiw r26,0x00
@00000e b68f    //     in   r8 ,sreg
                // 
@00000f be0f    //     out  sreg,r0
@000010 9600    //     adiw r24,0x00
@000011 b69f    //     in   r9 ,sreg
                // 
@000012 9621    //     adiw r28,0x01
@000013 b6af    //     in   r10,sreg
                // 
@000014 9631    //     adiw r30,0x01
@000015 b6bf    //     in   r11,sreg
                // 
@000016 018c    //     movw r16,r24
@000017 019d    //     movw r18,r26
@000018 01ae    //     movw r20,r28
@000019 01bf    //     movw r22,r30
                // ;-------------------
@00001a be7f    //     out  sreg,r7
@00001b 9710    //     sbiw r26,0x00
@00001c b6cf    //     in   r12,sreg
                // 
@00001d be0f    //     out  sreg,r0
@00001e 9700    //     sbiw r24,0x00
@00001f b6df    //     in   r13,sreg
                // 
@000020 9721    //     sbiw r28,0x01
@000021 b6ef    //     in   r14,sreg
                // 
@000022 9731    //     sbiw r30,0x01
@000023 b6ff    //     in   r15,sreg
                // ;-------------------
@000024 9220
@000025 0100    //     sts  0x0100,r2      ; (ldi) 0x01
@000026 9230
@000027 0101    //     sts  0x0101,r3      ; (ldi) 0x00
@000028 9200
@000029 0102    //     sts  0x0102,r0      ; (ldi) 0x00
@00002a 9280
@00002b 0103    //     sts  0x0103,r8      ; (adiw) 0x0001 0x00 ith-----
                // 
@00002c 9200
@00002d 0104    //     sts  0x0104,r0      ; (ldi) 0x00
@00002e 9210
@00002f 0105    //     sts  0x0105,r1      ; (ldi) 0x00
@000030 9200
@000031 0106    //     sts  0x0106,r0      ; (ldi) 0x00
@000032 9290
@000033 0107    //     sts  0x0107,r9      ; (adiw) 0x0000 0x00 ------z-
                // 
@000034 9240
@000035 0108    //     sts  0x0108,r4      ; (ldi) 0xff
@000036 9250
@000037 0109    //     sts  0x0109,r5      ; (ldi) 0x7f
@000038 9220
@000039 010a    //     sts  0x010a,r2      ; (ldi) 0x01
@00003a 92a0
@00003b 010b    //     sts  0x010b,r10     ; (adiw) 0x7fff 0x01 ----vn--
                // 
@00003c 9260
@00003d 010c    //     sts  0x010c,r6      ; (ldi) 0xff
@00003e 9270
@00003f 010d    //     sts  0x010d,r7      ; (ldi) 0xff
@000040 9220
@000041 010e    //     sts  0x010e,r2      ; (ldi) 0x01
@000042 92b0
@000043 010f    //     sts  0x010f,r11     ; (adiw) 0xffff 0x01 ------zc
                // 
@000044 9320
@000045 0110    //     sts  0x0110,r18     ; (ldi) 0x01
@000046 9330
@000047 0111    //     sts  0x0111,r19     ; (ldi) 0x00
@000048 9200
@000049 0112    //     sts  0x0112,r0      ; (ldi) 0x00
@00004a 92c0
@00004b 0113    //     sts  0x0113,r12     ; (sbiw) 0x0001 0x00 ith-----
                // 
@00004c 9300
@00004d 0114    //     sts  0x0114,r16     ; (ldi) 0x00
@00004e 9310
@00004f 0115    //     sts  0x0115,r17     ; (ldi) 0x00
@000050 9200
@000051 0116    //     sts  0x0116,r0      ; (ldi) 0x00
@000052 92d0
@000053 0117    //     sts  0x0117,r13     ; (sbiw) 0x0000 0x00 ------z-
                // 
@000054 9340
@000055 0118    //     sts  0x0118,r20     ; (ldi) 0x00
@000056 9350
@000057 0119    //     sts  0x0119,r21     ; (ldi) 0x80
@000058 9220
@000059 011a    //     sts  0x011a,r2      ; (ldi) 0x01
@00005a 92e0
@00005b 011b    //     sts  0x011b,r14     ; (sbiw) 0x8000 0x01 ---sv---
                // 
@00005c 9360
@00005d 011c    //     sts  0x011c,r22     ; (ldi) 0x00
@00005e 9370
@00005f 011d    //     sts  0x011d,r23     ; (ldi) 0x00
@000060 9220
@000061 011e    //     sts  0x011e,r2      ; (ldi) 0x01
@000062 92f0
@000063 011f    //     sts  0x011f,r15     ; (sbiw) 0x0000 0x01 ---s-n-c
                // 
@000064 9320
@000065 0120    //     sts  0x0120,r18     ; (adiw) 0x0001 0x00
@000066 9330
@000067 0121    //     sts  0x0121,r19
@000068 9300
@000069 0122    //     sts  0x0122,r16     ; (adiw) 0x0000 0x00
@00006a 9310
@00006b 0123    //     sts  0x0123,r17
@00006c 9340
@00006d 0124    //     sts  0x0124,r20     ; (adiw) 0x7fff 0x01
@00006e 9350
@00006f 0125    //     sts  0x0125,r21
@000070 9360
@000071 0126    //     sts  0x0126,r22     ; (adiw) 0xffff 0x01
@000072 9370
@000073 0127    //     sts  0x0127,r23
                // 
@000074 93a0
@000075 0128    //     sts  0x0128,r26     ; (sbiw) 0x0001 0x00
@000076 93b0
@000077 0129    //     sts  0x0129,r27
@000078 9380
@000079 012a    //     sts  0x012a,r24     ; (sbiw) 0x0000 0x00
@00007a 9390
@00007b 012b    //     sts  0x012b,r25
@00007c 93c0
@00007d 012c    //     sts  0x012c,r28     ; (sbiw) 0x8000 0x01
@00007e 93d0
@00007f 012d    //     sts  0x012d,r29
@000080 93e0
@000081 012e    //     sts  0x012e,r30     ; (sbiw) 0x0000 0x01
@000082 93f0
@000083 012f    //     sts  0x012f,r31
                // ;-------------------
@000084 ef0f    //     ldi  r16,0xff
@000085 9300
@000086 ffff    //     sts  0xffff,r16
                // halt:
@000087 cfff    //     rjmp halt
//
//Assembly complete, 0 errors, 0 warnings
